\BOOKMARK [1][-]{section.1}{Introdu\347\343o}{}% 1
\BOOKMARK [2][-]{subsection.1.1}{Contextualiza\347\343o}{section.1}% 2
\BOOKMARK [2][-]{subsection.1.2}{O problema proposto}{section.1}% 3
\BOOKMARK [1][-]{section.2}{Coleta de Dados}{}% 4
\BOOKMARK [2][-]{subsection.2.1}{Posts Nerds Viajantes}{section.2}% 5
\BOOKMARK [2][-]{subsection.2.2}{Wikipedia}{section.2}% 6
\BOOKMARK [3][-]{subsubsection.2.2.1}{Definindo o subconjunto de p\341ginas}{subsection.2.2}% 7
\BOOKMARK [3][-]{subsubsection.2.2.2}{Coleta de categorias}{subsection.2.2}% 8
\BOOKMARK [3][-]{subsubsection.2.2.3}{Coleta de p\341ginas}{subsection.2.2}% 9
\BOOKMARK [3][-]{subsubsection.2.2.4}{Ferramentas utilizadas}{subsection.2.2}% 10
\BOOKMARK [2][-]{subsection.2.3}{Verbos em l\355ngua portuguesa}{section.2}% 11
\BOOKMARK [1][-]{section.3}{Processamento/Tratamento de Dados}{}% 12
\BOOKMARK [2][-]{subsection.3.1}{Limpeza comum}{section.3}% 13
\BOOKMARK [2][-]{subsection.3.2}{Posts Nerds Viajantes}{section.3}% 14
\BOOKMARK [3][-]{subsubsection.3.2.1}{Limpeza de palavras nos posts}{subsection.3.2}% 15
\BOOKMARK [3][-]{subsubsection.3.2.2}{Limpeza de posts inteiros}{subsection.3.2}% 16
\BOOKMARK [2][-]{subsection.3.3}{Wikipedia}{section.3}% 17
\BOOKMARK [1][-]{section.4}{An\341lise e Explora\347\343o dos Dados}{}% 18
\BOOKMARK [2][-]{subsection.4.1}{An\341lise do tamanho dos documentos}{section.4}% 19
\BOOKMARK [3][-]{subsubsection.4.1.1}{Distribui\347\343o de tamanhos de documentos}{subsection.4.1}% 20
\BOOKMARK [3][-]{subsubsection.4.1.2}{An\341lise estat\355stica dos tamanhos dos documentos}{subsection.4.1}% 21
\BOOKMARK [2][-]{subsection.4.2}{An\341lise de palavras das fontes de dados}{section.4}% 22
\BOOKMARK [3][-]{subsubsection.4.2.1}{Distribui\347\343o de palavras}{subsection.4.2}% 23
\BOOKMARK [3][-]{subsubsection.4.2.2}{An\341lise estat\355stica das fontes de palavras}{subsection.4.2}% 24
\BOOKMARK [3][-]{subsubsection.4.2.3}{Nuvem de palavras}{subsection.4.2}% 25
\BOOKMARK [2][-]{subsection.4.3}{An\341lise de palavras e documentos da Wikipedia}{section.4}% 26
\BOOKMARK [1][-]{section.5}{Treinamento de modelo}{}% 27
\BOOKMARK [2][-]{subsection.5.1}{LDA}{section.5}% 28
\BOOKMARK [3][-]{subsubsection.5.1.1}{Hiperpar\342metros}{subsection.5.1}% 29
\BOOKMARK [2][-]{subsection.5.2}{C\341lculo de coer\352ncia}{section.5}% 30
\BOOKMARK [3][-]{subsubsection.5.2.1}{An\341lise de coer\352ncias}{subsection.5.2}% 31
\BOOKMARK [3][-]{subsubsection.5.2.2}{C\363digo fonte}{subsection.5.2}% 32
\BOOKMARK [2][-]{subsection.5.3}{Testes de an\341lise de t\363picos}{section.5}% 33
\BOOKMARK [3][-]{subsubsection.5.3.1}{C\363digo fonte}{subsection.5.3}% 34
\BOOKMARK [3][-]{subsubsection.5.3.2}{Execu\347\343o inicial ap\363s limpeza de textos b\341sica}{subsection.5.3}% 35
\BOOKMARK [3][-]{subsubsection.5.3.3}{Execu\347\343o ap\363s remo\347\343o de palavras espec\355ficas}{subsection.5.3}% 36
\BOOKMARK [3][-]{subsubsection.5.3.4}{Execu\347\343o ap\363s remo\347\343o de verbos}{subsection.5.3}% 37
\BOOKMARK [1][-]{section.6}{Semelhan\347a entre documentos para textos desconhecidos}{}% 38
\BOOKMARK [2][-]{subsection.6.1}{C\341lculo de semelhan\347a \(Similarity query\)}{section.6}% 39
\BOOKMARK [2][-]{subsection.6.2}{Dicion\341rio de dados na compara\347\343o}{section.6}% 40
\BOOKMARK [1][-]{section.7}{Resultados}{}% 41
\BOOKMARK [2][-]{subsection.7.1}{Plano de execu\347\343o de testes}{section.7}% 42
\BOOKMARK [2][-]{subsection.7.2}{Varia\347\343o do comportamento da semelhan\347a entre documentos}{section.7}% 43
\BOOKMARK [2][-]{subsection.7.3}{Variabilidade de documentos recomendados}{section.7}% 44
\BOOKMARK [2][-]{subsection.7.4}{T\363picos e palavras dominantes}{section.7}% 45
\BOOKMARK [3][-]{subsubsection.7.4.1}{T\363picos dominantes e seu percentual de contribui\347\343o em cada documento}{subsection.7.4}% 46
\BOOKMARK [2][-]{subsection.7.5}{An\341lise de conte\372do das recomenda\347\365es}{section.7}% 47
\BOOKMARK [3][-]{subsubsection.7.5.1}{Vinte combina\347\365es com maior e menor frequ\352ncia de recomenda\347\343o}{subsection.7.5}% 48
\BOOKMARK [3][-]{subsubsection.7.5.2}{An\341lise de recomenda\347\365es com foco nos posts de origem}{subsection.7.5}% 49
\BOOKMARK [3][-]{subsubsection.7.5.3}{An\341lise de recomenda\347\365es com foco nas p\341ginas recomendadas}{subsection.7.5}% 50
\BOOKMARK [3][-]{subsubsection.7.5.4}{An\341lise de semelhan\347a entre documentos}{subsection.7.5}% 51
\BOOKMARK [2][-]{subsection.7.6}{Datasets de resultados}{section.7}% 52
\BOOKMARK [1][-]{section.8}{Links}{}% 53
\BOOKMARK [1][-]{section.9}{Refer\352ncias}{}% 54
\BOOKMARK [2][-]{subsection.9.1}{Artigos}{section.9}% 55
\BOOKMARK [3][-]{subsubsection.9.1.1}{Processamento de linguagem natural}{subsection.9.1}% 56
\BOOKMARK [2][-]{subsection.9.2}{Ferramentas e tecnologias}{section.9}% 57
\BOOKMARK [1][-]{section.10}{Ap\352ndice}{}% 58
\BOOKMARK [2][-]{subsection.10.1}{Algoritmo e estruturas de dados}{section.10}% 59
\BOOKMARK [3][-]{subsubsection.10.1.1}{Fonte de dados}{subsection.10.1}% 60
\BOOKMARK [3][-]{subsubsection.10.1.2}{Treinamento LDA}{subsection.10.1}% 61
\BOOKMARK [3][-]{subsubsection.10.1.3}{C\341lculo de semelhan\347a}{subsection.10.1}% 62
\BOOKMARK [3][-]{subsubsection.10.1.4}{Executor}{subsection.10.1}% 63
\BOOKMARK [2][-]{subsection.10.2}{Tecnologias}{section.10}% 64
